Drill Listing
=============
Drill: .00984  Tool: 1  Feed: 0  Speed: 0
X 1990503  Y 1579803
X 1990503  Y 1582803
X 1985503  Y 1590803
X 1991503  Y 1590803
X 1995503  Y 1590803
X 1996422  Y 1606653
X 1984503  Y 1613803
X 1998503  Y 1615803
X 1984503  Y 1616803
X 1992422  Y 1618403
X 1984503  Y 1622803
X 1998503  Y 1623803
X 1998503  Y 1631803
X 1990422  Y 1634903
X 1998503  Y 1635803
X 1984503  Y 1644803
X 1986503  Y 1646803
X 1996672  Y 1646903
X 1986503  Y 1654803
X 1985503  Y 1660803
X 1984390  Y 1667815
X 1992503  Y 1669803
X 1984390  Y 1671815
X 1998422  Y 1697403
X 2002503  Y 1721803
X 2005503  Y 1718803
X 2008503  Y 1715803
X 2011503  Y 1712803
X 2020503  Y 1706803
X 2012503  Y 1706803
X 2012503  Y 1701803
X 2020503  Y 1701803
X 2012503  Y 1696803
X 2020503  Y 1696803
X 2012503  Y 1691803
X 2020503  Y 1691803
X 2020503  Y 1686803
X 2012503  Y 1686803
X 2020503  Y 1681803
X 2012503  Y 1681803
X 2000503  Y 1669803
X 2018503  Y 1666803
X 2015503  Y 1666803
X 2024503  Y 1666803
X 2021503  Y 1666803
X 2018503  Y 1663803
X 2015503  Y 1663803
X 2021503  Y 1663803
X 2023503  Y 1660803
X 2000503  Y 1655803
X 2019503  Y 1650803
X 2019503  Y 1645803
X 2020222  Y 1640813
X 2022222  Y 1639063
X 2005222  Y 1638313
X 2009503  Y 1637803
X 2009672  Y 1631653
X 2017390  Y 1630815
X 2022390  Y 1630815
X 2017390  Y 1625815
X 2022390  Y 1625815
X 2022390  Y 1620815
X 2017390  Y 1620815
X 2009672  Y 1619903
X 2023503  Y 1612803
X 2018503  Y 1612803
X 2018922  Y 1609653
X 2018922  Y 1607153
X 2002503  Y 1601803
X 2023503  Y 1577803
X 2017503  Y 1577803
X 2030503  Y 1577803
X 2035503  Y 1577803
X 2034503  Y 1593803
X 2034503  Y 1596803
X 2031472  Y 1600563
X 2048503  Y 1601803
X 2028672  Y 1602653
X 2031422  Y 1602903
X 2029503  Y 1612803
X 2038390  Y 1613815
X 2027390  Y 1620815
X 2041422  Y 1623903
X 2027390  Y 1625815
X 2048922  Y 1627653
X 2027390  Y 1630815
X 2034672  Y 1631653
X 2039672  Y 1631653
X 2048672  Y 1633653
X 2044672  Y 1635403
X 2031503  Y 1637803
X 2025503  Y 1638803
X 2031503  Y 1641803
X 2025503  Y 1645803
X 2025503  Y 1650803
X 2042672  Y 1656403
X 2027503  Y 1660803
X 2027503  Y 1666803
X 2030503  Y 1666803
X 2033503  Y 1666803
X 2039503  Y 1666803
X 2036503  Y 1666803
X 2049422  Y 1671153
X 2039503  Y 1681803
X 2029503  Y 1681803
X 2047503  Y 1686803
X 2039503  Y 1686803
X 2029503  Y 1686803
X 2039503  Y 1691803
X 2029503  Y 1691803
X 2047503  Y 1691803
X 2029503  Y 1696803
X 2039503  Y 1696803
X 2047503  Y 1696803
X 2039503  Y 1701803
X 2029503  Y 1701803
X 2047503  Y 1701803
X 2029503  Y 1706803
X 2039503  Y 1706803
X 2047503  Y 1706803
X 2041503  Y 1712803
X 2044503  Y 1715803
X 2047503  Y 1718803
X 2050503  Y 1721803
X 2052672  Y 1680153
X 2058503  Y 1671803
X 2062503  Y 1671803
X 2058503  Y 1666803
X 2062503  Y 1666803
X 2062503  Y 1660803
X 2055172  Y 1657903
X 2059503  Y 1656803
X 2071422  Y 1653153
X 2057503  Y 1646803
X 2052503  Y 1646803
X 2064503  Y 1646803
X 2052503  Y 1642803
X 2057503  Y 1642803
X 2067503  Y 1640803
X 2064503  Y 1640803
X 2064503  Y 1631803
X 2054503  Y 1624803
X 2062503  Y 1623803
X 2070503  Y 1620803
X 2067503  Y 1620803
X 2050672  Y 1620153
X 2063390  Y 1613815
X 2069390  Y 1613815
X 2051390  Y 1613815
X 2063390  Y 1608815
X 2069390  Y 1608815
X 2064503  Y 1602803
X 2064503  Y 1597803
X 2064503  Y 1593803
X 2051390  Y 1589815
X 2059390  Y 1589815
X 2055390  Y 1589815
X 2064503  Y 1589803
X 2064503  Y 1584803
X 2060503  Y 1583803
X 2060503  Y 1579803

Drill: .01772  Tool: 2  Feed: 0  Speed: 0
X 1985314  Y 1676781
X 1985314  Y 1682686
X 1985314  Y 1688592
X 1985314  Y 1694497
X 1985314  Y 1700403
X 1985314  Y 1706308
X 1985314  Y 1712214
X 1985314  Y 1718119
X 1985314  Y 1724025
X 2065629  Y 1724025
X 2065629  Y 1718119
X 2065629  Y 1712214
X 2065629  Y 1706308
X 2065629  Y 1700403
X 2065629  Y 1694497
X 2065629  Y 1688592
X 2065629  Y 1682686
X 2065629  Y 1676781

Drill: .01772  Tool: 3  Feed: 0  Speed: 0
X 1989448  Y 1724025 X 1992598  Y 1724025
X 2058346  Y 1724025 X 2061496  Y 1724025
X 1989448  Y 1718119 X 1992598  Y 1718119
X 1989448  Y 1712214 X 1992598  Y 1712214
X 1989448  Y 1706308 X 1992598  Y 1706308
X 1989448  Y 1700403 X 1992598  Y 1700403
X 1989448  Y 1694497 X 1992598  Y 1694497
X 1989448  Y 1688592 X 1992598  Y 1688592
X 1989448  Y 1682686 X 1992598  Y 1682686
X 1989448  Y 1676781 X 1992598  Y 1676781
X 2058346  Y 1718119 X 2061496  Y 1718119
X 2058346  Y 1712214 X 2061496  Y 1712214
X 2058346  Y 1706308 X 2061496  Y 1706308
X 2058346  Y 1700403 X 2061496  Y 1700403
X 2058346  Y 1694497 X 2061496  Y 1694497
X 2058346  Y 1688592 X 2061496  Y 1688592
X 2058346  Y 1682686 X 2061496  Y 1682686
X 2058346  Y 1676781 X 2061496  Y 1676781

Drill: .02362  Tool: 4  Feed: 0  Speed: 0
X 2011397  Y 1595055 X 2011397  Y 1598204
X 2039547  Y 1595055 X 2039547  Y 1598204
X 2011397  Y 1580488 X 2011397  Y 1583637
X 2039547  Y 1580488 X 2039547  Y 1583637

Drill: .02362  Tool: 5  Feed: 0  Speed: 0
X 2017598  Y 1590568
X 2033346  Y 1590568

Drill: .03543  Tool: 6  Feed: 0  Speed: 0
X 1975472  Y 1579883
X 1975472  Y 1589883
X 1975472  Y 1599883
X 1975472  Y 1609883
X 1975472  Y 1619883
X 1975472  Y 1629883
X 1975472  Y 1639883
X 1975472  Y 1649883
X 1975472  Y 1659883
X 1975472  Y 1669883
X 1975472  Y 1679883
X 1975472  Y 1689883
X 1975472  Y 1699883
X 1975472  Y 1709883
X 1975472  Y 1719883
X 2075472  Y 1719883
X 2075472  Y 1709883
X 2075472  Y 1699883
X 2075472  Y 1689883
X 2075472  Y 1679883
X 2075472  Y 1669883
X 2075472  Y 1659883
X 2075472  Y 1649883
X 2075472  Y 1639883
X 2075472  Y 1629883
X 2075472  Y 1619883
X 2075472  Y 1609883
X 2075472  Y 1599883
X 2075472  Y 1589883
X 2075472  Y 1579883

End of Listing
